<?xml version="1.0" encoding="UTF-8"?>
<!-- Generated by org.testng.reporters.JUnitReportReporter -->
<testsuite hostname="DESKTOP-5LRN4SK" failures="0" tests="1" name="DemoQA.Tests.SelectMenuTests" time="22.172" errors="0" timestamp="2022-01-20T00:32:10 PST" skipped="0">
  <testcase classname="DemoQA.Tests.SelectMenuTests" name="canSetValue" time="22.172"/>
  <system-out/>
</testsuite> <!-- DemoQA.Tests.SelectMenuTests -->
