<?xml version="1.0" encoding="UTF-8"?>
<!-- Generated by org.testng.reporters.JUnitReportReporter -->
<testsuite hostname="DESKTOP-5LRN4SK" failures="0" tests="1" name="DemoQA.Tests.LinksTest" time="10.999" errors="0" timestamp="2022-01-20T03:30:27 PST" skipped="0">
  <testcase classname="DemoQA.Tests.LinksTest" name="canClickHyperlink" time="10.999"/>
  <system-out/>
</testsuite> <!-- DemoQA.Tests.LinksTest -->
