<?xml version="1.0" encoding="UTF-8"?>
<!-- Generated by org.testng.reporters.JUnitReportReporter -->
<testsuite hostname="DESKTOP-5LRN4SK" failures="0" tests="1" name="DemoQA.Tests.RadioButtonTests" time="19.523" errors="0" timestamp="2022-01-20T00:33:09 PST" skipped="0">
  <testcase classname="DemoQA.Tests.RadioButtonTests" name="canClickYes" time="19.523"/>
  <system-out/>
</testsuite> <!-- DemoQA.Tests.RadioButtonTests -->
