<?xml version="1.0" encoding="UTF-8"?>
<!-- Generated by org.testng.reporters.JUnitReportReporter -->
<testsuite hostname="DESKTOP-5LRN4SK" failures="0" tests="1" name="JavaIOTest.NewTest" time="0.007" errors="0" timestamp="2021-12-23T20:14:24 PST" skipped="0">
  <testcase classname="JavaIOTest.NewTest" name="canHydrateObject" time="0.007"/>
  <system-out/>
</testsuite> <!-- JavaIOTest.NewTest -->
