<?xml version="1.0" encoding="UTF-8"?>
<!-- Generated by org.testng.reporters.JUnitReportReporter -->
<testsuite hostname="DESKTOP-5LRN4SK" failures="0" tests="1" name="DemoQA.Tests.LinksTest" time="4.325" errors="0" timestamp="2022-01-08T20:52:54 PST" skipped="0">
  <testcase classname="DemoQA.Tests.LinksTest" name="canClickHyperlink" time="4.325"/>
  <system-out/>
</testsuite> <!-- DemoQA.Tests.LinksTest -->
