<?xml version="1.0" encoding="UTF-8"?>
<!-- Generated by org.testng.reporters.JUnitReportReporter -->
<testsuite hostname="DESKTOP-5LRN4SK" failures="0" tests="2" name="DemoQA.Tests.SelectMenuTests" time="8.447" errors="0" timestamp="2022-01-08T20:06:57 PST" skipped="0">
  <testcase classname="DemoQA.Tests.SelectMenuTests" name="canSetValue" time="4.432"/>
  <system-out/>
  <testcase classname="DemoQA.Tests.SelectMenuTests" name="canGetOptions" time="4.015"/>
  <system-out/>
</testsuite> <!-- DemoQA.Tests.SelectMenuTests -->
