<?xml version="1.0" encoding="UTF-8"?>
<!-- Generated by org.testng.reporters.JUnitReportReporter -->
<testsuite hostname="DESKTOP-5LRN4SK" failures="0" tests="3" name="DemoQA.Tests.RadioButtonTests" time="12.281" errors="0" timestamp="2022-01-08T20:06:30 PST" skipped="0">
  <testcase classname="DemoQA.Tests.RadioButtonTests" name="canClickImpressive" time="4.323"/>
  <system-out/>
  <testcase classname="DemoQA.Tests.RadioButtonTests" name="canClickYes" time="4.132"/>
  <system-out/>
  <testcase classname="DemoQA.Tests.RadioButtonTests" name="canNotClickNo" time="3.826"/>
  <system-out/>
</testsuite> <!-- DemoQA.Tests.RadioButtonTests -->
