<?xml version="1.0" encoding="UTF-8"?>
<!-- Generated by org.testng.reporters.JUnitReportReporter -->
<testsuite hostname="DESKTOP-5LRN4SK" failures="0" tests="4" name="DemoQA.Tests.SliderTests" time="14.751" errors="0" timestamp="2022-01-08T21:26:48 PST" skipped="0">
  <testcase classname="DemoQA.Tests.SliderTests" name="canSetTo100" time="3.843"/>
  <system-out/>
  <testcase classname="DemoQA.Tests.SliderTests" name="canSetTo17" time="3.497"/>
  <system-out/>
  <testcase classname="DemoQA.Tests.SliderTests" name="canSetTo0" time="3.603"/>
  <system-out/>
  <testcase classname="DemoQA.Tests.SliderTests" name="canSetTo80" time="3.808"/>
  <system-out/>
</testsuite> <!-- DemoQA.Tests.SliderTests -->
